Arguments: 
  C:\Program Files (x86)\nodejs\node.exe C:\Users\13gau\AppData\Roaming\npm\node_modules\yarn\bin\yarn.js add body-parser

PATH: 
  C:\Python39\Scripts\;C:\Python39\;C:\ProgramData\Oracle\Java\javapath;C:\Program Files (x86)\Common Files\Oracle\Java\javapath;C:\GnuWin32\bin;C:\Dev-Cpp\bin;C:\MinGW\bin;C:\Program Files (x86)\Java\jdk1.8.0_101\bin;C:\Program Files\MATLAB\R2013a\runtime\win64;C:\Program Files\MATLAB\R2013a\bin;C:\WINDOWS\system32;C:\WINDOWS;C:\WINDOWS\System32\Wbem;C:\WINDOWS\System32\WindowsPowerShell\v1.0\;C:\WINDOWS\System32\OpenSSH\;C:\Program Files (x86)\nodejs\;C:\Program Files\Git\cmd;C:\Users\13gau\AppData\Local\Programs\Python\Python38\Scripts\;C:\Users\13gau\AppData\Local\Programs\Python\Python38\;C:\Python\Python37-32\Scripts\;C:\Python\Python37-32\;C:\Users\13gau\AppData\Local\Microsoft\WindowsApps;C:\Users\13gau\AppData\Local\Microsoft\WindowsApps;C:\Users\13gau\AppData\Local\hyper\app-3.0.2\resources\bin;C:\MinGW\bin;C:\GnuWin32\bin;C:\Dev-Cpp\bin;C:\Program Files (x86)\Java\jdk1.8.0_101\bin;C:\Program Files\JetBrains\IntelliJ IDEA Community Edition 2020.2.3\bin;C:\Program Files\CMake\bin;C:\Users\13gau\AppData\Local\Programs\Microsoft VS Code\bin;C:\Users\13gau\AppData\Roaming\npm

Yarn version: 
  1.22.10

Node version: 
  14.17.0

Platform: 
  win32 ia32

Trace: 
  Error: getaddrinfo ENOTFOUND registry.yarnpkg.com
      at GetAddrInfoReqWrap.onlookup [as oncomplete] (dns.js:67:26)

npm manifest: 
  {
    "name": "newsletter-signup",
    "version": "1.0.0",
    "description": "",
    "main": "App.js",
    "scripts": {
      "test": "echo \"Error: no test specified\" && exit 1"
    },
    "author": "",
    "license": "ISC"
  }

yarn manifest: 
  No manifest

Lockfile: 
  No lockfile
